253 INFO: PyInstaller: 6.3.0
256 INFO: Python: 3.11.5
266 INFO: Platform: Windows-10-10.0.26200-SP0
270 INFO: Removing temporary files and cleaning cache in C:\Users\pribe\AppData\Local\pyinstaller
1720 INFO: Extending PYTHONPATH with paths
['C:\\Users\\pribe\\OneDrive\\Documents\\GitHub\\GridLamEdit']
2045 INFO: Appending 'datas' from .spec
2070 INFO: checking Analysis
2071 INFO: Building Analysis because Analysis-00.toc is non existent
2072 INFO: Initializing module dependency graph...
2074 INFO: Caching module graph hooks...
2090 INFO: Analyzing base_library.zip ...
3362 INFO: Loading module hook 'hook-heapq.py' from 'C:\\Users\\pribe\\OneDrive\\Documents\\GitHub\\GridLamEdit\\.venv\\Lib\\site-packages\\PyInstaller\\hooks'...
3603 INFO: Loading module hook 'hook-encodings.py' from 'C:\\Users\\pribe\\OneDrive\\Documents\\GitHub\\GridLamEdit\\.venv\\Lib\\site-packages\\PyInstaller\\hooks'...
6168 INFO: Loading module hook 'hook-pickle.py' from 'C:\\Users\\pribe\\OneDrive\\Documents\\GitHub\\GridLamEdit\\.venv\\Lib\\site-packages\\PyInstaller\\hooks'...
8905 INFO: Caching module dependency graph...
9103 INFO: Running Analysis Analysis-00.toc
9104 INFO: Looking for Python shared library...
9288 INFO: Using Python shared library: C:\Users\pribe\AppData\Local\Programs\Python\Python311\python311.dll
9289 INFO: Analyzing C:\Users\pribe\OneDrive\Documents\GitHub\GridLamEdit\gridlamedit\app\main.py
9310 INFO: Loading module hook 'hook-PySide6.py' from 'C:\\Users\\pribe\\OneDrive\\Documents\\GitHub\\GridLamEdit\\.venv\\Lib\\site-packages\\PyInstaller\\hooks'...
9548 INFO: Loading module hook 'hook-shiboken6.py' from 'C:\\Users\\pribe\\OneDrive\\Documents\\GitHub\\GridLamEdit\\.venv\\Lib\\site-packages\\PyInstaller\\hooks'...
10178 INFO: Loading module hook 'hook-pandas.py' from 'C:\\Users\\pribe\\OneDrive\\Documents\\GitHub\\GridLamEdit\\.venv\\Lib\\site-packages\\PyInstaller\\hooks'...
11772 INFO: Loading module hook 'hook-platform.py' from 'C:\\Users\\pribe\\OneDrive\\Documents\\GitHub\\GridLamEdit\\.venv\\Lib\\site-packages\\PyInstaller\\hooks'...
11796 INFO: Loading module hook 'hook-sysconfig.py' from 'C:\\Users\\pribe\\OneDrive\\Documents\\GitHub\\GridLamEdit\\.venv\\Lib\\site-packages\\PyInstaller\\hooks'...
11805 INFO: Loading module hook 'hook-numpy.py' from 'C:\\Users\\pribe\\OneDrive\\Documents\\GitHub\\GridLamEdit\\.venv\\Lib\\site-packages\\numpy\\_pyinstaller'...
12388 INFO: Loading module hook 'hook-difflib.py' from 'C:\\Users\\pribe\\OneDrive\\Documents\\GitHub\\GridLamEdit\\.venv\\Lib\\site-packages\\PyInstaller\\hooks'...
12605 INFO: Loading module hook 'hook-multiprocessing.util.py' from 'C:\\Users\\pribe\\OneDrive\\Documents\\GitHub\\GridLamEdit\\.venv\\Lib\\site-packages\\PyInstaller\\hooks'...
12727 INFO: Loading module hook 'hook-xml.py' from 'C:\\Users\\pribe\\OneDrive\\Documents\\GitHub\\GridLamEdit\\.venv\\Lib\\site-packages\\PyInstaller\\hooks'...
14938 INFO: Loading module hook 'hook-pytz.py' from 'C:\\Users\\pribe\\OneDrive\\Documents\\GitHub\\GridLamEdit\\.venv\\Lib\\site-packages\\PyInstaller\\hooks'...
15172 INFO: Loading module hook 'hook-pkg_resources.py' from 'C:\\Users\\pribe\\OneDrive\\Documents\\GitHub\\GridLamEdit\\.venv\\Lib\\site-packages\\PyInstaller\\hooks'...
17855 INFO: Loading module hook 'hook-pandas.io.formats.style.py' from 'C:\\Users\\pribe\\OneDrive\\Documents\\GitHub\\GridLamEdit\\.venv\\Lib\\site-packages\\PyInstaller\\hooks'...
19848 INFO: Loading module hook 'hook-pandas.plotting.py' from 'C:\\Users\\pribe\\OneDrive\\Documents\\GitHub\\GridLamEdit\\.venv\\Lib\\site-packages\\PyInstaller\\hooks'...
20473 INFO: Loading module hook 'hook-openpyxl.py' from 'C:\\Users\\pribe\\OneDrive\\Documents\\GitHub\\GridLamEdit\\.venv\\Lib\\site-packages\\_pyinstaller_hooks_contrib\\stdhooks'...
20688 INFO: Loading module hook 'hook-xml.etree.cElementTree.py' from 'C:\\Users\\pribe\\OneDrive\\Documents\\GitHub\\GridLamEdit\\.venv\\Lib\\site-packages\\PyInstaller\\hooks'...
22138 INFO: Loading module hook 'hook-sqlite3.py' from 'C:\\Users\\pribe\\OneDrive\\Documents\\GitHub\\GridLamEdit\\.venv\\Lib\\site-packages\\PyInstaller\\hooks'...
22686 INFO: Loading module hook 'hook-dateutil.py' from 'C:\\Users\\pribe\\OneDrive\\Documents\\GitHub\\GridLamEdit\\.venv\\Lib\\site-packages\\_pyinstaller_hooks_contrib\\stdhooks'...
22787 INFO: Processing pre-safe import module hook six.moves from 'C:\\Users\\pribe\\OneDrive\\Documents\\GitHub\\GridLamEdit\\.venv\\Lib\\site-packages\\PyInstaller\\hooks\\pre_safe_import_module\\hook-six.moves.py'.
23037 INFO: Loading module hook 'hook-xml.dom.domreg.py' from 'C:\\Users\\pribe\\OneDrive\\Documents\\GitHub\\GridLamEdit\\.venv\\Lib\\site-packages\\PyInstaller\\hooks'...
24187 INFO: Analyzing hidden import 'jinja2'
24187 INFO: Loading module hook 'hook-jinja2.py' from 'C:\\Users\\pribe\\OneDrive\\Documents\\GitHub\\GridLamEdit\\.venv\\Lib\\site-packages\\_pyinstaller_hooks_contrib\\stdhooks'...
24506 INFO: Processing module hooks...
24520 INFO: Processing pre-safe import module hook win32com from 'C:\\Users\\pribe\\OneDrive\\Documents\\GitHub\\GridLamEdit\\.venv\\Lib\\site-packages\\_pyinstaller_hooks_contrib\\pre_safe_import_module\\hook-win32com.py'.
24954 INFO: Loading module hook 'hook-packaging.py' from 'C:\\Users\\pribe\\OneDrive\\Documents\\GitHub\\GridLamEdit\\.venv\\Lib\\site-packages\\PyInstaller\\hooks'...
25122 INFO: Loading module hook 'hook-PySide6.QtCore.py' from 'C:\\Users\\pribe\\OneDrive\\Documents\\GitHub\\GridLamEdit\\.venv\\Lib\\site-packages\\PyInstaller\\hooks'...
26099 INFO: Loading module hook 'hook-PySide6.QtGui.py' from 'C:\\Users\\pribe\\OneDrive\\Documents\\GitHub\\GridLamEdit\\.venv\\Lib\\site-packages\\PyInstaller\\hooks'...
27079 INFO: Loading module hook 'hook-PySide6.QtNetwork.py' from 'C:\\Users\\pribe\\OneDrive\\Documents\\GitHub\\GridLamEdit\\.venv\\Lib\\site-packages\\PyInstaller\\hooks'...
28004 INFO: Loading module hook 'hook-PySide6.QtWidgets.py' from 'C:\\Users\\pribe\\OneDrive\\Documents\\GitHub\\GridLamEdit\\.venv\\Lib\\site-packages\\PyInstaller\\hooks'...
28738 INFO: Performing binary vs. data reclassification (1259 entries)
53704 INFO: Looking for ctypes DLLs
53754 INFO: Analyzing run-time hooks ...
53770 INFO: Including run-time hook 'C:\\Users\\pribe\\OneDrive\\Documents\\GitHub\\GridLamEdit\\.venv\\Lib\\site-packages\\PyInstaller\\hooks\\rthooks\\pyi_rth_inspect.py'
53770 INFO: Including run-time hook 'C:\\Users\\pribe\\OneDrive\\Documents\\GitHub\\GridLamEdit\\.venv\\Lib\\site-packages\\PyInstaller\\hooks\\rthooks\\pyi_rth_pkgutil.py'
53770 INFO: Processing pre-find module path hook _pyi_rth_utils from 'C:\\Users\\pribe\\OneDrive\\Documents\\GitHub\\GridLamEdit\\.venv\\Lib\\site-packages\\PyInstaller\\hooks\\pre_find_module_path\\hook-_pyi_rth_utils.py'.
53770 INFO: Loading module hook 'hook-_pyi_rth_utils.py' from 'C:\\Users\\pribe\\OneDrive\\Documents\\GitHub\\GridLamEdit\\.venv\\Lib\\site-packages\\PyInstaller\\hooks'...
53770 INFO: Including run-time hook 'C:\\Users\\pribe\\OneDrive\\Documents\\GitHub\\GridLamEdit\\.venv\\Lib\\site-packages\\PyInstaller\\hooks\\rthooks\\pyi_rth_multiprocessing.py'
53786 INFO: Including run-time hook 'C:\\Users\\pribe\\OneDrive\\Documents\\GitHub\\GridLamEdit\\.venv\\Lib\\site-packages\\PyInstaller\\hooks\\rthooks\\pyi_rth_pkgres.py'
53788 INFO: Including run-time hook 'C:\\Users\\pribe\\OneDrive\\Documents\\GitHub\\GridLamEdit\\.venv\\Lib\\site-packages\\PyInstaller\\hooks\\rthooks\\pyi_rth_pyside6.py'
53821 INFO: Looking for dynamic libraries
C:\Users\pribe\OneDrive\Documents\GitHub\GridLamEdit\.venv\Lib\site-packages\PyInstaller\building\build_main.py:194: UserWarning: The numpy.array_api submodule is still experimental. See NEP 47.
  __import__(package)
54937 INFO: Extra DLL search directories (AddDllDirectory): ['C:\\Users\\pribe\\OneDrive\\Documents\\GitHub\\GridLamEdit\\.venv\\Lib\\site-packages\\numpy.libs', 'C:\\Users\\pribe\\OneDrive\\Documents\\GitHub\\GridLamEdit\\.venv\\Lib\\site-packages\\shiboken6', 'C:\\Users\\pribe\\OneDrive\\Documents\\GitHub\\GridLamEdit\\.venv\\Lib\\site-packages\\pandas.libs']
54937 INFO: Extra DLL search directories (PATH): ['C:\\Users\\pribe\\OneDrive\\Documents\\GitHub\\GridLamEdit\\.venv\\Lib\\site-packages\\PySide6']
80553 INFO: Warnings written to C:\Users\pribe\OneDrive\Documents\GitHub\GridLamEdit\build\work_20260223_192022\GridLamEdit\warn-GridLamEdit.txt
80648 INFO: Graph cross-reference written to C:\Users\pribe\OneDrive\Documents\GitHub\GridLamEdit\build\work_20260223_192022\GridLamEdit\xref-GridLamEdit.html
80711 INFO: checking PYZ
80712 INFO: Building PYZ because PYZ-00.toc is non existent
80712 INFO: Building PYZ (ZlibArchive) C:\Users\pribe\OneDrive\Documents\GitHub\GridLamEdit\build\work_20260223_192022\GridLamEdit\PYZ-00.pyz
82018 INFO: Building PYZ (ZlibArchive) C:\Users\pribe\OneDrive\Documents\GitHub\GridLamEdit\build\work_20260223_192022\GridLamEdit\PYZ-00.pyz completed successfully.
82248 INFO: checking PKG
82248 INFO: Building PKG because PKG-00.toc is non existent
82249 INFO: Building PKG (CArchive) GridLamEdit_V18.pkg
101538 INFO: Building PKG (CArchive) GridLamEdit_V18.pkg completed successfully.
101551 INFO: Bootloader C:\Users\pribe\OneDrive\Documents\GitHub\GridLamEdit\.venv\Lib\site-packages\PyInstaller\bootloader\Windows-64bit-intel\runw.exe
101551 INFO: checking EXE
101551 INFO: Building EXE because EXE-00.toc is non existent
101551 INFO: Building EXE from EXE-00.toc
101551 INFO: Copying bootloader EXE to C:\Users\pribe\OneDrive\Documents\GitHub\GridLamEdit\dist_tmp_20260223_192022\GridLamEdit_V18.exe
101687 INFO: Copying icon to EXE
101785 INFO: Copying 0 resources to EXE
101785 INFO: Embedding manifest in EXE
101901 INFO: Appending PKG archive to EXE
101950 INFO: Fixing EXE headers
102734 INFO: Building EXE from EXE-00.toc completed successfully.
